Aragua Fútbol Club ## Aurirrojos (Yellow and Red)Chocolateros (Chocolatiers) ## 20/08/2002 ## Estadio Olímpico Hermanos Ghersi PáezMaracay, Venezuela ## 16000 ## Héctor Estrada ## Primera División Venezolana ## /tmp/times/Aragua_F.C..html ## 78704 ## 
Club Deportivo Social y Cultural Alianza Universidad de Huánuco ## Azulgranas ## 01/01/1939 ## Estadio Heraclio Tapia, Huánuco ## 20000 ## Mifflin Bermúdez ## Torneo Descentralizado ## /tmp/times/Alianza_Universidad.html ## 105075 ## 
Bóltfelagið 1936 ## B36White TigersHvítir ## 28/03/1936 ## Gundadalur Stadium,Tórshavn, Faroe Islands ## 4000 ## Jákup á Borg ## Betri deildin ## /tmp/times/B36_Torshavn.html ## 159536 ## 
Deportivo Alavés, S.A.D. ## BabazorrosEl Glorioso (The glorious one) ## 23/01/1921 ## Mendizorrotza ## 19840 ## Asier Garitano ## La Liga ## /tmp/times/Deportivo_Alaves.html ## 245495 ## 
Futbola Klubs Ventspils ## Champions, Yellow – Blue ## 00/00/1997 ## Ventspils Olimpiskais Stadions ## 3200 ## Igors Kļosovs ## Virsliga ## /tmp/times/FK_Ventspils.html ## 210949 ## 
Fudbalski klub Mladost Doboj Kakanj ## Crvena legija (The Red Legion)Bosanski Hoffenheim (The Bosnian Hoffenheim) ## 25/05/1959 ## Stadion Mladost, Doboj ## 3000 ## Elvedin Beganović ## Premier League BH ## /tmp/times/FK_Mladost_Doboj_Kakanj.html ## 84998 ## 
Fotbal Club Dinamo București ## Câinii roșii (The Red Dogs)Alb-roșii (The White and Reds)Spartanii (The Spartans) ## 14/05/1948 ## Dinamo Stadium ## 15032 ## Florin Prunea ## Liga I ## /tmp/times/FC_Dinamo_Bucuresti.html ## 356402 ## 
Club Atlético River Plate ## Darseneros (Dockers) ## 11/05/1932 ## Estadio Saroldi,Montevideo, Uruguay ## 6000 ## Jorge Fossati ## Primera División ## /tmp/times/Club_Atletico_River_Plate_Uruguay.html ## 166389 ## 
Odense  Boldklub ## De Stribede(The Striped) ## 12/07/1887 ## Nature Energy Park, Odense ## 15790 ## Jakob Michelsen ## Danish Superliga ## /tmp/times/Odense_Boldklub.html ## 181978 ## 
Feyenoord Rotterdam ## De club aan de Maas (The Club on the Meuse)De Stadionclub (The Stadium Club)De Trots van Zuid (The Pride of the South)De club van het volk (The Club of the People) ## 19/07/1908 ## De Kuip ## 51177 ## Jaap Stam ## Eredivisie ## /tmp/times/Feyenoord.html ## 674575 ## 
Sportklub Puntigamer Sturm Graz ## Die Schwoazn, The Blackies ## 01/05/1909 ## Merkur Arena ## 16364 ## Nestor El Maestro ## Austrian Bundesliga ## /tmp/times/SK_Sturm_Graz.html ## 231342 ## 
Verein für Leibesübungen Wolfsburg e. V. (Sports club) Verein für Leibesübungen Wolfsburg Fußball GmbH (Professional football club) ## Die Wölfe (The Wolves) ## 12/09/1945 ## Volkswagen Arena ## 30000 ## Oliver Glasner ## Bundesliga ## /tmp/times/VfL_Wolfsburg.html ## 260327 ## 
Once Caldas S.A. ## El Blanco (The White); El Blanco Blanco de Manizales (The White White of Manizales); Los Albos (the Albos); El Equipo Albo (The Albo Team) ## 16/04/1947 ## Estadio Palogrande, Manizales, Colombia ## 28678 ## Hubert Bodhert ## Categoría Primera A ## /tmp/times/Once_Caldas.html ## 273866 ## 
Mushuc Runa Sporting Club ## El equipo cooperativista, El Mushuc, El Ponchito ## 02/01/2003 ## BellavistaAmbato, Ecuador ## 18000 ## Martín Cardetti ## Serie A ## /tmp/times/Mushuc_Runa_S.C..html ## 84513 ## 
Íþróttafélagið Fylkir ## Fylkismenn ## 28/05/1967 ## Floridana völlurinn, Reykjavík, Iceland ## 5000 ## Helgi Sigurðsson ## Úrvalsdeild karla ## /tmp/times/Fylkir.html ## 117973 ## 
Clube Atlético Mineiro ## Galo (Rooster)Alvinegro (White-and-black) ## 25/03/1908 ## Independência (primary)  Mineirão (secondary) ## 23018 ## Rodrigo Santana ## Campeonato Brasileiro Série A (national) Campeonato Mineiro (state) ## /tmp/times/Clube_Atletico_Mineiro.html ## 635214 ## 
Empoli Football Club S.p.A. ## Gli Azzurri (The Blues) ## 00/00/1920 ## Stadio Carlo Castellani ## 16284 ## Cristian Bucchi ## Serie B ## /tmp/times/Empoli_F.C..html ## 203764 ## 
Club Atlético Huracán ## Globo (Balloon)  Quemeros (Burners) ## 01/11/1908 ## Tomás A. Ducó, Parque Patricios, Buenos Aires ## 48314 ## Juan Pablo Vojvoda ## Primera División ## /tmp/times/Club_Atletico_Huracan.html ## 207015 ## 
Allmänna Idrottsklubben ## Gnaget ## 15/02/1891 ## Friends Arena, Solna, Stockholm ## 50622 ## Rikard Norling ## Allsvenskan ## /tmp/times/AIK_Fotboll.html ## 307449 ## 
Göztepe Spor Kulübü ## Göz Göz ## 14/06/1925 ## Doğanlar Stadium ## 12500 ## Tamer Tuna ## Süper Lig ## /tmp/times/Goztepe_S.K..html ## 238672 ## 
Budapest Honvéd Football Club ## Kispest ## 03/08/1909 ## Bozsik József Stadion, Budapest ## 8000 ## Giuseppe Sannino ## NB I ## /tmp/times/Budapest_Honved_FC.html ## 220499 ## 
Asociación Civil Real Atlético Garcilaso ## La Máquina celeste (The Light blue Machine) ## 28/07/2009 ## Inca Garcilaso de la Vega, Cusco, Peru ## 45000 ## Juan Reynoso ## Torneo Descentralizado ## /tmp/times/Real_Garcilaso.html ## 132580 ## 
Olympique de Marseille ## Les Phocéens (The Phocaeans)Les Olympiens (The Olympians) ## 31/08/1899 ## Stade Vélodrome ## 67394 ## André Villas-Boas ## Ligue 1 ## /tmp/times/Olympique_de_Marseille.html ## 429807 ## 
Royal Charleroi Sporting Club ## Les Zèbres (The Zebras), Les Carolos ## 01/01/1904 ## Stade du Pays de Charleroi,Charleroi ## 15000 ## Vacant ## Belgian First Division A ## /tmp/times/R._Charleroi_S.C..html ## 159621 ## 
Club Social y Deportivo Colo-Colo ## Los Albos  Eterno Campeón  El Cacique ## 19/04/1925 ## Estadio Monumental David Arellano ## 47347 ## Marcelo Espina ## Chilean Primera División ## /tmp/times/Colo-Colo.html ## 336308 ## 
Sport Boys Association ## Los Rosados, Los Porteños,La Misilera, Los Olímpico de Berlín, La Academia Porteña, La Rosada, La Nube Rosada ## 28/07/1927 ## Estadio Miguel Grau, Callao ## 17000 ## Manuel Fernández ## Torneo Descentralizado ## /tmp/times/Sport_Boys.html ## 207140 ## 
Audax Club Sportivo Italiano, SADP ## Los Tanos, Los Itálicos, Audinos ## 30/11/1910 ## Estadio Bicentenario de La FloridaLa Florida, Chile ## 12000 ## Juan José Ribera ## Campeonato Nacional ## /tmp/times/Audax_Italiano.html ## 131188 ## 
Stade Malherbe Caen ## MalherbeLes Vikings (The Vikings) ## 17/11/1913 ## Stade Michel d'Ornano ## 20500 ## Rui Almeida ## Ligue 2 ## /tmp/times/Stade_Malherbe_Caen.html ## 187806 ## 
Club Deportivo Cuenca ## Morlacos (Fighting Bulls)Colorados (The Colored)El Expreso Austral (The Southern Express) ## 04/03/1971 ## Estadio Alejandro Serrano Aguilar ## 16540 ## Tabare Silva ## Serie A ## /tmp/times/C.D._Cuenca.html ## 108732 ## 
Football Club Lahti ## Mustat kuhnurit (The Black Drones) ## 00/00/1996 ## Lahden Stadion,Lahti ## 14500 ## Toni Huuhka  Sami Ristilä ## Veikkausliiga ## /tmp/times/FC_Lahti.html ## 130148 ## 
Football Club Zorya Luhansk ## Muzhyky (The Men) ## 00/00/1923 ## Slavutych Arena, Zaporizhia(Avanhard Stadium, Luhansk) ## 12000 ## Viktor Skrypnyk ## Ukrainian Premier League ## /tmp/times/FC_Zorya_Luhansk.html ## 317457 ## 
Όμιλος Φιλάθλων ΗρακλείουÓmilos Filáthlon Heraklíou(Heraklion Fans' Club) ## O Ómilos (The Club) ## 00/00/1925 ## Theodoros Vardinogiannis Stadium ## 9088 ## Georgios Simos ## Super League One ## /tmp/times/OFI_Crete_F.C..html ## 304453 ## 
St Patrick's Athletic Football Club ## Pats, St Pats, The Saints ## 00/00/1929 ## Richmond Park,Inchicore, Dublin 8 ## 5340 ## Harry Kenny ## League of Ireland Premier Division ## /tmp/times/St_Patricks_Athletic_F.C..html ## 468457 ## 
Fudbalski klub Radnički ## Real sa Nišave (Real from the Nišava)Real iz Niša (Real from Niš) ## 24/04/1923 ## Čair Stadium, Niš ## 18151 ## Simo Krunić ## Serbian SuperLiga ## /tmp/times/FK_Radnicki_Nis.html ## 346166 ## 
Estudiantes de Mérida Fútbol Club ## Rojiblancos, Los Académicos ## 04/04/1971 ## Estadio Metropolitano de MéridaMérida, Venezuela ## 42200 ## Martín Brignani ## Primera División Venezolana ## /tmp/times/Estudiantes_de_Merida.html ## 95007 ## 
Asociación Civil Deportivo Lara ## Rojinegro ## 00/00/2009 ## Estadio Metropolitano de Cabudare, Cabudare, Venezuela ## 47913 ## Leonardo González ## Primera División Venezolana ## /tmp/times/Asociacion_Civil_Deportivo_Lara.html ## 103574 ## 
Fudbalski klub Rudar Pljevlja ## Rudari (The Miners) ## 00/00/1920 ## Stadion Gradski,  Pljevlja, Montenegro ## 5140 ## Nenad Vukčević ## Montenegrin First League ## /tmp/times/FK_Rudar_Pljevlja.html ## 132828 ## 
U Craiova 1948 Club Sportiv ## Studenții (The Students)Oltenii (The People of Oltenia)Alb-albaștrii (The White-Blues)JuvețiiȘtiința (The Science)Campioana unei mari iubiri (The Champion of a Great Love) ## 00/00/1948 ## Ion Oblemenco ## 30983 ## Corneliu Papură ## Liga I ## /tmp/times/CS_Universitatea_Craiova.html ## 333409 ## 
Club Atlético Unión ## Tatengues, El Tate ## 15/04/1907 ## Estadio 15 de Abril,Santa Fe, Argentina ## 26500 ## Leonardo Madelón ## Primera División ## /tmp/times/Union_de_Santa_Fe.html ## 169244 ## 
Cefn Druids Association Football Club ## The Ancients, Druids ## 00/00/1872 ## The RockRhosymedreWrexham ## 3500 ## Huw Griffiths ## Welsh Premier League ## /tmp/times/Cefn_Druids_A.F.C..html ## 118595 ## 
Crystal Palace Football Club ## The Eagles, The Glaziers ## 10/09/1905 ## Selhurst Park ## 26074 ## Roy Hodgson ## Premier League ## /tmp/times/Crystal_Palace_F.C..html ## 414853 ## 
West Ham United Football Club ## The IronsThe HammersThe Academy of Football ## 29/06/1895 ## London Stadium ## 60000 ## Manuel Pellegrini ## Premier League ## /tmp/times/West_Ham_United_F.C..html ## 831728 ## 
Beitar Jerusalem Football Club ## The MenorahThe Flag of the StateLions from the Capital The Team Of The Country ## 00/00/1936 ## Teddy Stadium, Jerusalem ## 31733 ## Ronny Levy ## Israeli Premier League ## /tmp/times/Beitar_Jerusalem_F.C..html ## 330658 ## 
Union Titus Pétange ## UTP ## 00/00/2015 ## Stade Municipal, Pétange ## 2400 ## René Roller ## Luxembourg National Division ## /tmp/times/Union_Titus_Petange.html ## 68540 ## 
Football Club Midtjylland ## Ulvene (The Wolves) ## 02/02/1999 ## MCH Arena, Herning ## 11800 ## Kenneth Andersen ## Danish Superliga ## /tmp/times/FC_Midtjylland.html ## 148056 ## 
Sportovní klub Slavia Praha – fotbal a.s. ## Červenobílí (The red and whites) / Sešívaní (The stitched) / Věčná Slavia (The Eternal Slavia) ## 02/11/1892 ## Sinobo Stadium,Vršovice, Prague 10, Prague ## 20232 ## Jindřich Trpišovský ## Czech First League ## /tmp/times/SK_Slavia_Prague.html ## 192878 ## 
Фудбалски клуб Црвена звездаFudbalski klub Crvena zvezda ## Звезда / Zvezda (The Star)  Црвено-бели / Crveno-beli (The Red-Whites) ## 04/03/1945 ## Rajko Mitić Stadium ## 55538 ## Vladan Milojević ## Serbian SuperLiga ## /tmp/times/Red_Star_Belgrade.html ## 770123 ## 
Fudbalski klubMakedonija Gjorče Petrov,Skopje ## Лавови (Lions) ## 00/00/1932 ## Gjorče Petrov Stadium ## 3000 ## Aleksandar Tanevski ## Macedonian First League ## /tmp/times/FK_Makedonija_Gjorce_Petrov.html ## 122145 ## 
